<?xml version="1.0" encoding="UTF-8"?>
<!-- Generated by org.testng.reporters.JUnitXMLReporter -->
<testsuite ignored="0" hostname="Sam" failures="0" tests="3" name="Default test" time="3.288" errors="0" timestamp="2020-05-11T23:59:00 IST">
  <testcase classname="testMethods.TestHttpMethods" name="HttpGetCallWithHeaders" time="1.52"/>
  <testcase classname="testMethods.TestHttpMethods" name="HttpGetCall" time="0.401"/>
  <testcase classname="testMethods.TestHttpMethods" name="HttpPostCall" time="1.266"/>
</testsuite> <!-- Default test -->
