<?xml version="1.0" encoding="UTF-8"?>
<testng-results ignored="0" total="2" passed="2" failed="0" skipped="0">
  <reporter-output>
  </reporter-output>
  <suite started-at="2020-05-09T00:04:48 IST" name="Default suite" finished-at="2020-05-09T00:04:50 IST" duration-ms="1582">
    <groups>
    </groups>
    <test started-at="2020-05-09T00:04:48 IST" name="Default test" finished-at="2020-05-09T00:04:50 IST" duration-ms="1582">
      <class name="testMethods.TestGetMethod">
        <test-method is-config="true" signature="setUp()[pri:0, instance:testMethods.TestGetMethod@78b729e6]" started-at="2020-05-09T00:04:48 IST" name="setUp" finished-at="2020-05-09T00:04:48 IST" duration-ms="22" status="PASS">
          <reporter-output>
          </reporter-output>
        </test-method> <!-- setUp -->
        <test-method signature="HttpGetCallWithHeaders()[pri:1, instance:testMethods.TestGetMethod@78b729e6]" started-at="2020-05-09T00:04:48 IST" name="HttpGetCallWithHeaders" finished-at="2020-05-09T00:04:50 IST" duration-ms="1250" status="PASS">
          <reporter-output>
          </reporter-output>
        </test-method> <!-- HttpGetCallWithHeaders -->
        <test-method signature="HttpGetCall()[pri:2, instance:testMethods.TestGetMethod@78b729e6]" started-at="2020-05-09T00:04:50 IST" name="HttpGetCall" finished-at="2020-05-09T00:04:50 IST" duration-ms="231" status="PASS">
          <reporter-output>
          </reporter-output>
        </test-method> <!-- HttpGetCall -->
        <test-method is-config="true" signature="setUp()[pri:0, instance:testMethods.TestGetMethod@78b729e6]" started-at="2020-05-09T00:04:50 IST" name="setUp" finished-at="2020-05-09T00:04:50 IST" duration-ms="0" status="PASS">
          <reporter-output>
          </reporter-output>
        </test-method> <!-- setUp -->
      </class> <!-- testMethods.TestGetMethod -->
    </test> <!-- Default test -->
  </suite> <!-- Default suite -->
</testng-results>
