<?xml version="1.0" encoding="UTF-8"?>
<testng-results ignored="0" total="1" passed="1" failed="0" skipped="0">
  <reporter-output>
  </reporter-output>
  <suite started-at="2020-05-14T02:53:57 IST" name="Default suite" finished-at="2020-05-14T02:54:00 IST" duration-ms="2364">
    <groups>
      <group name="cucumber">
        <method signature="Runner.feature(cucumber.api.testng.CucumberFeatureWrapper)[pri:0, instance:runner.Runner@149e0f5d]" name="feature" class="runner.Runner"/>
      </group> <!-- cucumber -->
    </groups>
    <test started-at="2020-05-14T02:53:57 IST" name="Default test" finished-at="2020-05-14T02:54:00 IST" duration-ms="2364">
      <class name="runner.Runner">
        <test-method signature="feature(cucumber.api.testng.CucumberFeatureWrapper)[pri:0, instance:runner.Runner@149e0f5d]" started-at="2020-05-14T02:53:58 IST" name="feature" description="Runs cucumber feature" data-provider="features" finished-at="2020-05-14T02:54:00 IST" duration-ms="1626" status="PASS">
          <params>
            <param index="0">
              <value>
                <![CDATA[Testing all HTTP methods]]>
              </value>
            </param>
          </params>
          <reporter-output>
          </reporter-output>
        </test-method> <!-- feature -->
        <test-method is-config="true" signature="tearDownClass()[pri:0, instance:runner.Runner@149e0f5d]" started-at="2020-05-14T02:54:00 IST" name="tearDownClass" finished-at="2020-05-14T02:54:00 IST" duration-ms="25" status="PASS">
          <reporter-output>
          </reporter-output>
        </test-method> <!-- tearDownClass -->
      </class> <!-- runner.Runner -->
    </test> <!-- Default test -->
  </suite> <!-- Default suite -->
</testng-results>
