<?xml version="1.0" encoding="UTF-8"?>
<testng-results ignored="0" total="1" passed="1" failed="0" skipped="0">
  <reporter-output>
  </reporter-output>
  <suite started-at="2020-05-19T19:22:53 IST" name="Default suite" finished-at="2020-05-19T19:22:56 IST" duration-ms="2616">
    <groups>
      <group name="cucumber">
        <method signature="RunnerClass.feature(cucumber.api.testng.CucumberFeatureWrapper)[pri:0, instance:runner.RunnerClass@149e0f5d]" name="feature" class="runner.RunnerClass"/>
      </group> <!-- cucumber -->
    </groups>
    <test started-at="2020-05-19T19:22:53 IST" name="Default test" finished-at="2020-05-19T19:22:56 IST" duration-ms="2616">
      <class name="runner.RunnerClass">
        <test-method signature="feature(cucumber.api.testng.CucumberFeatureWrapper)[pri:0, instance:runner.RunnerClass@149e0f5d]" started-at="2020-05-19T19:22:54 IST" name="feature" description="Runs cucumber feature" data-provider="features" finished-at="2020-05-19T19:22:56 IST" duration-ms="1839" status="PASS">
          <params>
            <param index="0">
              <value>
                <![CDATA[To Test Http Methods in data driven method using cucumber and TestNG]]>
              </value>
            </param>
          </params>
          <reporter-output>
          </reporter-output>
        </test-method> <!-- feature -->
        <test-method is-config="true" signature="tearDownClass()[pri:0, instance:runner.RunnerClass@149e0f5d]" started-at="2020-05-19T19:22:56 IST" name="tearDownClass" finished-at="2020-05-19T19:22:56 IST" duration-ms="21" status="PASS">
          <reporter-output>
          </reporter-output>
        </test-method> <!-- tearDownClass -->
      </class> <!-- runner.RunnerClass -->
    </test> <!-- Default test -->
  </suite> <!-- Default suite -->
</testng-results>
